<?xml version="1.0" encoding="UTF-8"?>
<!-- Generated by org.testng.reporters.JUnitReportReporter -->
<testsuite skipped="0" hostname="LAPTOP-89MB722U" name="com.cucumber.runner.Runner" tests="1" failures="0" timestamp="03 Feb 2022 21:56:15 GMT" time="40.138" errors="0">
  <testcase name="runCuke" time="40.138" classname="com.cucumber.runner.Runner"/>
</testsuite> <!-- com.cucumber.runner.Runner -->
